<?xml version="1.0" encoding="UTF-8"?>
<!-- Generated by org.testng.reporters.JUnitReportReporter -->
<testsuite hostname="PoojaJalavadi" failures="0" tests="1" name="testNgMavenframework.Tests.ErrorValidations" time="2.803" errors="0" timestamp="2023-07-26T01:13:38 IST" skipped="0">
  <testcase classname="testNgMavenframework.Tests.ErrorValidations" name="LoginErrorValidation" time="2.803"/>
</testsuite> <!-- testNgMavenframework.Tests.ErrorValidations -->
