<?xml version="1.0" encoding="UTF-8"?>
<!-- Generated by org.testng.reporters.JUnitReportReporter -->
<testsuite hostname="PoojaJalavadi" failures="0" tests="2" name="testNgMavenframework.Tests.StandaloneTest" time="32.437" errors="0" timestamp="2023-07-26T01:38:57 IST" skipped="0">
  <testcase classname="testNgMavenframework.Tests.StandaloneTest" name="submitorder" time="16.616"/>
  <testcase classname="testNgMavenframework.Tests.StandaloneTest" name="submitorder" time="15.821"/>
</testsuite> <!-- testNgMavenframework.Tests.StandaloneTest -->
